Determining if the pthread_create exist failed with the following output:
Change Dir: /home/burka/catkin_ws/build/burka_pkg/CMakeFiles/CMakeTmp

Run Build Command:"/usr/bin/make" "cmTC_4e8de/fast"
/usr/bin/make -f CMakeFiles/cmTC_4e8de.dir/build.make CMakeFiles/cmTC_4e8de.dir/build
make[1]: Entering directory '/home/burka/catkin_ws/build/burka_pkg/CMakeFiles/CMakeTmp'
Building C object CMakeFiles/cmTC_4e8de.dir/CheckSymbolExists.c.o
/usr/bin/cc    -o CMakeFiles/cmTC_4e8de.dir/CheckSymbolExists.c.o   -c /home/burka/catkin_ws/build/burka_pkg/CMakeFiles/CMakeTmp/CheckSymbolExists.c
Linking C executable cmTC_4e8de
/usr/bin/cmake -E cmake_link_script CMakeFiles/cmTC_4e8de.dir/link.txt --verbose=1
/usr/bin/cc      -rdynamic CMakeFiles/cmTC_4e8de.dir/CheckSymbolExists.c.o  -o cmTC_4e8de 
CMakeFiles/cmTC_4e8de.dir/CheckSymbolExists.c.o: In function `main':
CheckSymbolExists.c:(.text+0x1b): undefined reference to `pthread_create'
collect2: error: ld returned 1 exit status
CMakeFiles/cmTC_4e8de.dir/build.make:97: recipe for target 'cmTC_4e8de' failed
make[1]: *** [cmTC_4e8de] Error 1
make[1]: Leaving directory '/home/burka/catkin_ws/build/burka_pkg/CMakeFiles/CMakeTmp'
Makefile:126: recipe for target 'cmTC_4e8de/fast' failed
make: *** [cmTC_4e8de/fast] Error 2

File /home/burka/catkin_ws/build/burka_pkg/CMakeFiles/CMakeTmp/CheckSymbolExists.c:
/* */
#include <pthread.h>

int main(int argc, char** argv)
{
  (void)argv;
#ifndef pthread_create
  return ((int*)(&pthread_create))[argc];
#else
  (void)argc;
  return 0;
#endif
}

Determining if the function pthread_create exists in the pthreads failed with the following output:
Change Dir: /home/burka/catkin_ws/build/burka_pkg/CMakeFiles/CMakeTmp

Run Build Command:"/usr/bin/make" "cmTC_bd4a1/fast"
/usr/bin/make -f CMakeFiles/cmTC_bd4a1.dir/build.make CMakeFiles/cmTC_bd4a1.dir/build
make[1]: Entering directory '/home/burka/catkin_ws/build/burka_pkg/CMakeFiles/CMakeTmp'
Building C object CMakeFiles/cmTC_bd4a1.dir/CheckFunctionExists.c.o
/usr/bin/cc   -DCHECK_FUNCTION_EXISTS=pthread_create   -o CMakeFiles/cmTC_bd4a1.dir/CheckFunctionExists.c.o   -c /usr/share/cmake-3.10/Modules/CheckFunctionExists.c
Linking C executable cmTC_bd4a1
/usr/bin/cmake -E cmake_link_script CMakeFiles/cmTC_bd4a1.dir/link.txt --verbose=1
/usr/bin/cc  -DCHECK_FUNCTION_EXISTS=pthread_create    -rdynamic CMakeFiles/cmTC_bd4a1.dir/CheckFunctionExists.c.o  -o cmTC_bd4a1 -lpthreads 
/usr/bin/ld: cannot find -lpthreads
collect2: error: ld returned 1 exit status
CMakeFiles/cmTC_bd4a1.dir/build.make:97: recipe for target 'cmTC_bd4a1' failed
make[1]: *** [cmTC_bd4a1] Error 1
make[1]: Leaving directory '/home/burka/catkin_ws/build/burka_pkg/CMakeFiles/CMakeTmp'
Makefile:126: recipe for target 'cmTC_bd4a1/fast' failed
make: *** [cmTC_bd4a1/fast] Error 2


Determining if the pthread_create exist failed with the following output:
Change Dir: /home/burka/catkin_ws/build/burka_pkg/CMakeFiles/CMakeTmp

Run Build Command:"/usr/bin/make" "cmTC_94634/fast"
/usr/bin/make -f CMakeFiles/cmTC_94634.dir/build.make CMakeFiles/cmTC_94634.dir/build
make[1]: Entering directory '/home/burka/catkin_ws/build/burka_pkg/CMakeFiles/CMakeTmp'
Building C object CMakeFiles/cmTC_94634.dir/CheckSymbolExists.c.o
/usr/bin/cc    -o CMakeFiles/cmTC_94634.dir/CheckSymbolExists.c.o   -c /home/burka/catkin_ws/build/burka_pkg/CMakeFiles/CMakeTmp/CheckSymbolExists.c
Linking C executable cmTC_94634
/usr/bin/cmake -E cmake_link_script CMakeFiles/cmTC_94634.dir/link.txt --verbose=1
/usr/bin/cc      -rdynamic CMakeFiles/cmTC_94634.dir/CheckSymbolExists.c.o  -o cmTC_94634 
CMakeFiles/cmTC_94634.dir/CheckSymbolExists.c.o: In function `main':
CheckSymbolExists.c:(.text+0x1b): undefined reference to `pthread_create'
collect2: error: ld returned 1 exit status
CMakeFiles/cmTC_94634.dir/build.make:97: recipe for target 'cmTC_94634' failed
make[1]: *** [cmTC_94634] Error 1
make[1]: Leaving directory '/home/burka/catkin_ws/build/burka_pkg/CMakeFiles/CMakeTmp'
Makefile:126: recipe for target 'cmTC_94634/fast' failed
make: *** [cmTC_94634/fast] Error 2

File /home/burka/catkin_ws/build/burka_pkg/CMakeFiles/CMakeTmp/CheckSymbolExists.c:
/* */
#include <pthread.h>

int main(int argc, char** argv)
{
  (void)argv;
#ifndef pthread_create
  return ((int*)(&pthread_create))[argc];
#else
  (void)argc;
  return 0;
#endif
}

Determining if the function pthread_create exists in the pthreads failed with the following output:
Change Dir: /home/burka/catkin_ws/build/burka_pkg/CMakeFiles/CMakeTmp

Run Build Command:"/usr/bin/make" "cmTC_f936d/fast"
/usr/bin/make -f CMakeFiles/cmTC_f936d.dir/build.make CMakeFiles/cmTC_f936d.dir/build
make[1]: Entering directory '/home/burka/catkin_ws/build/burka_pkg/CMakeFiles/CMakeTmp'
Building C object CMakeFiles/cmTC_f936d.dir/CheckFunctionExists.c.o
/usr/bin/cc   -DCHECK_FUNCTION_EXISTS=pthread_create   -o CMakeFiles/cmTC_f936d.dir/CheckFunctionExists.c.o   -c /usr/share/cmake-3.10/Modules/CheckFunctionExists.c
Linking C executable cmTC_f936d
/usr/bin/cmake -E cmake_link_script CMakeFiles/cmTC_f936d.dir/link.txt --verbose=1
/usr/bin/cc  -DCHECK_FUNCTION_EXISTS=pthread_create    -rdynamic CMakeFiles/cmTC_f936d.dir/CheckFunctionExists.c.o  -o cmTC_f936d -lpthreads 
/usr/bin/ld: cannot find -lpthreads
collect2: error: ld returned 1 exit status
CMakeFiles/cmTC_f936d.dir/build.make:97: recipe for target 'cmTC_f936d' failed
make[1]: *** [cmTC_f936d] Error 1
make[1]: Leaving directory '/home/burka/catkin_ws/build/burka_pkg/CMakeFiles/CMakeTmp'
Makefile:126: recipe for target 'cmTC_f936d/fast' failed
make: *** [cmTC_f936d/fast] Error 2


