Determining if the pthread_create exist failed with the following output:
Change Dir: /home/burka/catkin_ws/build/mav_state_machine_msgs/CMakeFiles/CMakeTmp

Run Build Command:"/usr/bin/make" "cmTC_e06c1/fast"
/usr/bin/make -f CMakeFiles/cmTC_e06c1.dir/build.make CMakeFiles/cmTC_e06c1.dir/build
make[1]: Entering directory '/home/burka/catkin_ws/build/mav_state_machine_msgs/CMakeFiles/CMakeTmp'
Building C object CMakeFiles/cmTC_e06c1.dir/CheckSymbolExists.c.o
/usr/bin/cc    -o CMakeFiles/cmTC_e06c1.dir/CheckSymbolExists.c.o   -c /home/burka/catkin_ws/build/mav_state_machine_msgs/CMakeFiles/CMakeTmp/CheckSymbolExists.c
Linking C executable cmTC_e06c1
/usr/bin/cmake -E cmake_link_script CMakeFiles/cmTC_e06c1.dir/link.txt --verbose=1
/usr/bin/cc      -rdynamic CMakeFiles/cmTC_e06c1.dir/CheckSymbolExists.c.o  -o cmTC_e06c1 
CMakeFiles/cmTC_e06c1.dir/CheckSymbolExists.c.o: In function `main':
CheckSymbolExists.c:(.text+0x1b): undefined reference to `pthread_create'
collect2: error: ld returned 1 exit status
CMakeFiles/cmTC_e06c1.dir/build.make:97: recipe for target 'cmTC_e06c1' failed
make[1]: *** [cmTC_e06c1] Error 1
make[1]: Leaving directory '/home/burka/catkin_ws/build/mav_state_machine_msgs/CMakeFiles/CMakeTmp'
Makefile:126: recipe for target 'cmTC_e06c1/fast' failed
make: *** [cmTC_e06c1/fast] Error 2

File /home/burka/catkin_ws/build/mav_state_machine_msgs/CMakeFiles/CMakeTmp/CheckSymbolExists.c:
/* */
#include <pthread.h>

int main(int argc, char** argv)
{
  (void)argv;
#ifndef pthread_create
  return ((int*)(&pthread_create))[argc];
#else
  (void)argc;
  return 0;
#endif
}

Determining if the function pthread_create exists in the pthreads failed with the following output:
Change Dir: /home/burka/catkin_ws/build/mav_state_machine_msgs/CMakeFiles/CMakeTmp

Run Build Command:"/usr/bin/make" "cmTC_cd085/fast"
/usr/bin/make -f CMakeFiles/cmTC_cd085.dir/build.make CMakeFiles/cmTC_cd085.dir/build
make[1]: Entering directory '/home/burka/catkin_ws/build/mav_state_machine_msgs/CMakeFiles/CMakeTmp'
Building C object CMakeFiles/cmTC_cd085.dir/CheckFunctionExists.c.o
/usr/bin/cc   -DCHECK_FUNCTION_EXISTS=pthread_create   -o CMakeFiles/cmTC_cd085.dir/CheckFunctionExists.c.o   -c /usr/share/cmake-3.10/Modules/CheckFunctionExists.c
Linking C executable cmTC_cd085
/usr/bin/cmake -E cmake_link_script CMakeFiles/cmTC_cd085.dir/link.txt --verbose=1
/usr/bin/cc  -DCHECK_FUNCTION_EXISTS=pthread_create    -rdynamic CMakeFiles/cmTC_cd085.dir/CheckFunctionExists.c.o  -o cmTC_cd085 -lpthreads 
/usr/bin/ld: cannot find -lpthreads
collect2: error: ld returned 1 exit status
CMakeFiles/cmTC_cd085.dir/build.make:97: recipe for target 'cmTC_cd085' failed
make[1]: *** [cmTC_cd085] Error 1
make[1]: Leaving directory '/home/burka/catkin_ws/build/mav_state_machine_msgs/CMakeFiles/CMakeTmp'
Makefile:126: recipe for target 'cmTC_cd085/fast' failed
make: *** [cmTC_cd085/fast] Error 2


